<?xml version="1.0" encoding="UTF-8"?>
<!-- Generated by org.testng.reporters.JUnitReportReporter -->
<testsuite hostname="DESKTOP-UG5U3KA" failures="0" tests="1" name="Test1" time="0.018" errors="0" timestamp="2022-07-07T22:08:28 IST" skipped="0">
  <testcase classname="Test1" name="regular" time="0.018"/>
  <system-out/>
</testsuite> <!-- Test1 -->
