<?xml version="1.0" encoding="UTF-8"?>
<!-- Generated by org.testng.reporters.JUnitReportReporter -->
<testsuite hostname="DESKTOP-UG5U3KA" failures="0" tests="3" name="Test.Day4" time="0.005" errors="0" timestamp="2022-07-10T00:10:09 IST" skipped="0">
  <testcase classname="Test.Day4" name="MobileLoginHomeLoan" time="0.001"/>
  <system-out/>
  <testcase classname="Test.Day4" name="WebloginHomeloan" time="0.002"/>
  <system-out/>
  <testcase classname="Test.Day4" name="LoginAPIHomeLoan" time="0.002"/>
  <system-out/>
</testsuite> <!-- Test.Day4 -->
