<?xml version="1.0" encoding="UTF-8"?>
<!-- Generated by org.testng.reporters.JUnitReportReporter -->
<testsuite hostname="DESKTOP-UG5U3KA" failures="0" tests="9" name="Test.Day3" time="0.054" errors="0" timestamp="2022-07-10T12:27:40 IST" skipped="1">
  <testcase classname="Test.Day3" name="WebloginCarloan" time="0.004"/>
  <system-out/>
  <testcase classname="Test.Day3" name="MobileLoginCarLoan" time="0.003"/>
  <system-out/>
  <testcase classname="Test.Day3" name="MobileLoginCarLoan1" time="0.008"/>
  <system-out/>
  <testcase classname="Test.Day3" name="MobileLoginCarLoan4" time="0.006"/>
  <system-out/>
  <testcase classname="Test.Day3" name="MobileLoginCarLoan2" time="0.015"/>
  <system-out/>
  <testcase classname="Test.Day3" name="MobileLoginCarLoan4" time="0.010"/>
  <system-out/>
  <testcase classname="Test.Day3" name="MobileLoginCarLoan4" time="0.005"/>
  <system-out/>
  <testcase classname="Test.Day3" name="LoginAPICarLoan" time="0.003"/>
  <system-out/>
  <testcase classname="Test.Day3" name="MobileLoginCarLoan3">
    <skipped/>
  </testcase> <!-- MobileLoginCarLoan3 -->
  <system-out/>
</testsuite> <!-- Test.Day3 -->
