<?xml version="1.0" encoding="UTF-8"?>
<!-- Generated by org.testng.reporters.JUnitReportReporter -->
<testsuite hostname="DESKTOP-UG5U3KA" failures="0" tests="2" name="Test.Day1" time="0.014" errors="0" timestamp="2022-07-10T12:27:40 IST" skipped="0">
  <testcase classname="Test.Day1" name="SecondTest" time="0.012"/>
  <system-out/>
  <testcase classname="Test.Day1" name="demo" time="0.002"/>
  <system-out/>
</testsuite> <!-- Test.Day1 -->
