<?xml version="1.0" encoding="UTF-8"?>
<!-- Generated by org.testng.reporters.JUnitReportReporter -->
<testsuite hostname="DESKTOP-UG5U3KA" failures="0" tests="2" name="qaclickacademy.SeleniumTest" time="0.019" errors="0" timestamp="2022-07-11T23:34:50 IST" skipped="0">
  <testcase classname="qaclickacademy.SeleniumTest" name="BrowserAutomation" time="0.017"/>
  <system-out/>
  <testcase classname="qaclickacademy.SeleniumTest" name="elementsUI" time="0.002"/>
  <system-out/>
</testsuite> <!-- qaclickacademy.SeleniumTest -->
