<?xml version="1.0" encoding="UTF-8"?>
<!-- Generated by org.testng.reporters.JUnitReportReporter -->
<testsuite hostname="DESKTOP-UG5U3KA" failures="0" tests="2" name="Test.Day2" time="0.004" errors="0" timestamp="2022-07-10T12:27:40 IST" skipped="0">
  <testcase classname="Test.Day2" name="ploan" time="0.002"/>
  <system-out/>
  <testcase classname="Test.Day2" name="ploan1" time="0.002"/>
  <system-out/>
</testsuite> <!-- Test.Day2 -->
